{
  message: 'Error in reading all users',
  level: 'error',
  label: 'winston custom format',
  timestamp: '22-03-2023 18:41:32'
}
{
  message: 'Error in reading all users',
  level: 'error',
  label: 'winston custom format',
  timestamp: '29-03-2023 20:39:28'
}
{
  message: 'Error in reading all users',
  level: 'error',
  label: 'winston custom format',
  timestamp: '29-03-2023 20:53:48'
}
{
  message: 'Error in reading all users',
  level: 'error',
  label: 'winston custom format',
  timestamp: '29-03-2023 20:53:48'
}
{
  message: 'Error in reading all users',
  level: 'error',
  label: 'winston custom format',
  timestamp: '29-03-2023 20:53:48'
}
{
  message: 'Error in reading all users',
  level: 'error',
  label: 'winston custom format',
  timestamp: '29-03-2023 20:53:49'
}
{
  message: 'Error in reading all users',
  level: 'error',
  label: 'winston custom format',
  timestamp: '29-03-2023 20:53:49'
}
{
  message: 'Error in reading all users',
  level: 'error',
  label: 'winston custom format',
  timestamp: '29-03-2023 20:53:49'
}
{
  message: 'Error in reading all users',
  level: 'error',
  label: 'winston custom format',
  timestamp: '29-03-2023 20:53:49'
}
{
  message: 'Error in reading all users',
  level: 'error',
  label: 'winston custom format',
  timestamp: '29-03-2023 20:53:50'
}
{
  message: 'Error in reading all users',
  level: 'error',
  label: 'winston custom format',
  timestamp: '29-03-2023 20:53:50'
}
{
  message: 'Error in reading all users',
  level: 'error',
  label: 'winston custom format',
  timestamp: '29-03-2023 20:53:50'
}
{
  message: 'Error in reading all users',
  level: 'error',
  label: 'winston custom format',
  timestamp: '29-03-2023 20:53:51'
}
{
  message: 'Error in reading all users',
  level: 'error',
  label: 'winston custom format',
  timestamp: '29-03-2023 20:53:51'
}
{
  message: 'Error in reading all users',
  level: 'error',
  label: 'winston custom format',
  timestamp: '29-03-2023 20:53:51'
}
{
  message: 'Error in reading all users',
  level: 'error',
  label: 'winston custom format',
  timestamp: '29-03-2023 20:53:52'
}
{
  message: 'Error in reading all users',
  level: 'error',
  label: 'winston custom format',
  timestamp: '29-03-2023 20:53:52'
}
{
  message: 'Error in reading all users',
  level: 'error',
  label: 'winston custom format',
  timestamp: '29-03-2023 20:53:52'
}
{
  message: 'Error in reading all users',
  level: 'error',
  label: 'winston custom format',
  timestamp: '29-03-2023 20:53:52'
}
{
  message: 'Error in reading all users',
  level: 'error',
  label: 'winston custom format',
  timestamp: '29-03-2023 20:53:53'
}
{
  message: 'Error in reading all users',
  level: 'error',
  label: 'winston custom format',
  timestamp: '29-03-2023 20:53:53'
}
{
  message: 'Error in reading all users',
  level: 'error',
  label: 'winston custom format',
  timestamp: '29-03-2023 20:53:53'
}
{
  message: 'Error in reading all users',
  level: 'error',
  label: 'winston custom format',
  timestamp: '29-03-2023 20:53:54'
}
{
  message: 'Error in reading all users',
  level: 'error',
  label: 'winston custom format',
  timestamp: '29-03-2023 20:53:54'
}
{
  message: 'Error in reading all users',
  level: 'error',
  label: 'winston custom format',
  timestamp: '29-03-2023 20:53:54'
}
{
  message: 'Error in reading all users',
  level: 'error',
  label: 'winston custom format',
  timestamp: '29-03-2023 20:53:54'
}
{
  message: 'Error in reading all users',
  level: 'error',
  label: 'winston custom format',
  timestamp: '29-03-2023 20:53:55'
}
{
  message: 'Error in reading all users',
  level: 'error',
  label: 'winston custom format',
  timestamp: '29-03-2023 20:53:55'
}
{
  message: 'Error in reading all users',
  level: 'error',
  label: 'winston custom format',
  timestamp: '29-03-2023 20:53:55'
}
{
  message: 'Error in reading all users',
  level: 'error',
  label: 'winston custom format',
  timestamp: '29-03-2023 20:53:56'
}
{
  message: 'Error in reading all users',
  level: 'error',
  label: 'winston custom format',
  timestamp: '29-03-2023 20:53:56'
}
{
  message: 'Error in reading all users',
  level: 'error',
  label: 'winston custom format',
  timestamp: '29-03-2023 20:53:56'
}
{
  message: 'Error in reading all users',
  level: 'error',
  label: 'winston custom format',
  timestamp: '29-03-2023 20:53:56'
}
{
  message: 'Error in reading all users',
  level: 'error',
  label: 'winston custom format',
  timestamp: '29-03-2023 20:53:57'
}
{
  message: 'Error in reading all users',
  level: 'error',
  label: 'winston custom format',
  timestamp: '29-03-2023 20:53:57'
}
{
  message: 'Error in reading all users',
  level: 'error',
  label: 'winston custom format',
  timestamp: '29-03-2023 20:53:57'
}
{
  message: 'Error in reading all users',
  level: 'error',
  label: 'winston custom format',
  timestamp: '29-03-2023 20:53:58'
}
{
  message: 'Error in reading all users',
  level: 'error',
  label: 'winston custom format',
  timestamp: '29-03-2023 20:53:58'
}
{
  message: 'Error in reading all users',
  level: 'error',
  label: 'winston custom format',
  timestamp: '29-03-2023 20:53:58'
}
{
  message: 'Error in reading all users',
  level: 'error',
  label: 'winston custom format',
  timestamp: '29-03-2023 20:53:59'
}
{
  message: 'Error in reading all users',
  level: 'error',
  label: 'winston custom format',
  timestamp: '29-03-2023 20:53:59'
}
{
  message: 'Error in reading all users',
  level: 'error',
  label: 'winston custom format',
  timestamp: '29-03-2023 20:53:59'
}
{
  message: 'Error in reading all users',
  level: 'error',
  label: 'winston custom format',
  timestamp: '29-03-2023 20:53:59'
}
{
  message: 'Error in reading all users',
  level: 'error',
  label: 'winston custom format',
  timestamp: '29-03-2023 20:54:00'
}
{
  message: 'Error in reading all users',
  level: 'error',
  label: 'winston custom format',
  timestamp: '29-03-2023 20:54:00'
}
{
  message: 'Error in reading all users',
  level: 'error',
  label: 'winston custom format',
  timestamp: '29-03-2023 20:54:00'
}
{
  message: 'Error in reading all users',
  level: 'error',
  label: 'winston custom format',
  timestamp: '29-03-2023 20:54:01'
}
{
  message: 'Error in reading all users',
  level: 'error',
  label: 'winston custom format',
  timestamp: '29-03-2023 20:54:01'
}
{
  message: 'Error in reading all users',
  level: 'error',
  label: 'winston custom format',
  timestamp: '29-03-2023 20:54:01'
}
{
  message: 'Error in reading all users',
  level: 'error',
  label: 'winston custom format',
  timestamp: '29-03-2023 20:54:01'
}
{
  message: 'Error in reading all users',
  level: 'error',
  label: 'winston custom format',
  timestamp: '29-03-2023 20:54:02'
}
{
  message: 'Error in reading all users',
  level: 'error',
  label: 'winston custom format',
  timestamp: '29-03-2023 20:54:02'
}
{
  message: 'Error in reading all users',
  level: 'error',
  label: 'winston custom format',
  timestamp: '29-03-2023 20:54:02'
}
{
  message: 'Error in reading all users',
  level: 'error',
  label: 'winston custom format',
  timestamp: '29-03-2023 20:54:03'
}
{
  message: 'Error in reading all users',
  level: 'error',
  label: 'winston custom format',
  timestamp: '29-03-2023 20:54:03'
}
{
  message: 'Error in reading all users',
  level: 'error',
  label: 'winston custom format',
  timestamp: '29-03-2023 20:54:03'
}
{
  message: 'Error in reading all users',
  level: 'error',
  label: 'winston custom format',
  timestamp: '29-03-2023 20:54:03'
}
{
  message: 'Error in reading all users',
  level: 'error',
  label: 'winston custom format',
  timestamp: '29-03-2023 20:54:04'
}
{
  message: 'Error in reading all users',
  level: 'error',
  label: 'winston custom format',
  timestamp: '29-03-2023 20:54:04'
}
{
  message: 'Error in reading all users',
  level: 'error',
  label: 'winston custom format',
  timestamp: '29-03-2023 20:54:04'
}
{
  message: 'Error in reading all users',
  level: 'error',
  label: 'winston custom format',
  timestamp: '29-03-2023 20:54:05'
}
{
  message: 'Error in reading all users',
  level: 'error',
  label: 'winston custom format',
  timestamp: '29-03-2023 20:54:05'
}
{
  message: 'Error in reading all users',
  level: 'error',
  label: 'winston custom format',
  timestamp: '29-03-2023 20:54:05'
}
{
  message: 'Error in reading all users',
  level: 'error',
  label: 'winston custom format',
  timestamp: '29-03-2023 20:54:06'
}
{
  message: 'Error in reading all users',
  level: 'error',
  label: 'winston custom format',
  timestamp: '29-03-2023 20:54:06'
}
{
  message: 'Error in reading all users',
  level: 'error',
  label: 'winston custom format',
  timestamp: '29-03-2023 20:54:06'
}
{
  message: 'Error in reading all users',
  level: 'error',
  label: 'winston custom format',
  timestamp: '29-03-2023 20:54:06'
}
{
  message: 'Error in reading all users',
  level: 'error',
  label: 'winston custom format',
  timestamp: '29-03-2023 20:54:07'
}
{
  message: 'Error in reading all users',
  level: 'error',
  label: 'winston custom format',
  timestamp: '29-03-2023 20:54:07'
}
{
  message: 'Error in reading all users',
  level: 'error',
  label: 'winston custom format',
  timestamp: '29-03-2023 20:54:07'
}
{
  message: 'Error in reading all users',
  level: 'error',
  label: 'winston custom format',
  timestamp: '29-03-2023 20:54:08'
}
{
  message: 'Error in reading all users',
  level: 'error',
  label: 'winston custom format',
  timestamp: '29-03-2023 20:54:08'
}
{
  message: 'Error in reading all users',
  level: 'error',
  label: 'winston custom format',
  timestamp: '29-03-2023 20:54:08'
}
{
  message: 'Error in reading all users',
  level: 'error',
  label: 'winston custom format',
  timestamp: '29-03-2023 20:54:09'
}
{
  message: 'Error in reading all users',
  level: 'error',
  label: 'winston custom format',
  timestamp: '29-03-2023 20:54:09'
}
{
  message: 'Error in reading all users',
  level: 'error',
  label: 'winston custom format',
  timestamp: '29-03-2023 20:54:09'
}
{
  message: 'Error in reading all users',
  level: 'error',
  label: 'winston custom format',
  timestamp: '29-03-2023 20:54:09'
}
{
  message: 'Error in reading all users',
  level: 'error',
  label: 'winston custom format',
  timestamp: '29-03-2023 20:54:10'
}
{
  message: 'Error in reading all users',
  level: 'error',
  label: 'winston custom format',
  timestamp: '29-03-2023 20:54:10'
}
{
  message: 'Error in reading all users',
  level: 'error',
  label: 'winston custom format',
  timestamp: '29-03-2023 20:54:10'
}
{
  message: 'Error in reading all users',
  level: 'error',
  label: 'winston custom format',
  timestamp: '29-03-2023 20:54:11'
}
{
  message: 'Error in reading all users',
  level: 'error',
  label: 'winston custom format',
  timestamp: '29-03-2023 20:54:11'
}
{
  message: 'Error in reading all users',
  level: 'error',
  label: 'winston custom format',
  timestamp: '29-03-2023 20:54:11'
}
{
  message: 'Error in reading all users',
  level: 'error',
  label: 'winston custom format',
  timestamp: '29-03-2023 20:54:12'
}
{
  message: 'Error in reading all users',
  level: 'error',
  label: 'winston custom format',
  timestamp: '29-03-2023 20:54:12'
}
{
  message: 'Error in reading all users',
  level: 'error',
  label: 'winston custom format',
  timestamp: '29-03-2023 20:54:12'
}
{
  message: 'Error in reading all users',
  level: 'error',
  label: 'winston custom format',
  timestamp: '29-03-2023 20:54:13'
}
{
  message: 'Error in reading all users',
  level: 'error',
  label: 'winston custom format',
  timestamp: '29-03-2023 20:54:13'
}
{
  message: 'Error in reading all users',
  level: 'error',
  label: 'winston custom format',
  timestamp: '29-03-2023 20:54:13'
}
{
  message: 'Error in reading all users',
  level: 'error',
  label: 'winston custom format',
  timestamp: '29-03-2023 20:54:13'
}
{
  message: 'Error in reading all users',
  level: 'error',
  label: 'winston custom format',
  timestamp: '29-03-2023 20:54:14'
}
{
  message: 'Error in reading all users',
  level: 'error',
  label: 'winston custom format',
  timestamp: '29-03-2023 20:54:14'
}
{
  message: 'Error in reading all users',
  level: 'error',
  label: 'winston custom format',
  timestamp: '29-03-2023 20:54:14'
}
{
  message: 'Error in reading all users',
  level: 'error',
  label: 'winston custom format',
  timestamp: '29-03-2023 20:54:15'
}
{
  message: 'Error in reading all users',
  level: 'error',
  label: 'winston custom format',
  timestamp: '29-03-2023 20:54:15'
}
{
  message: 'Error in reading all users',
  level: 'error',
  label: 'winston custom format',
  timestamp: '29-03-2023 20:54:15'
}
{
  message: 'Error in reading all users',
  level: 'error',
  label: 'winston custom format',
  timestamp: '29-03-2023 20:54:16'
}
{
  message: 'Error in reading all users',
  level: 'error',
  label: 'winston custom format',
  timestamp: '29-03-2023 20:54:16'
}
{
  message: 'Error in reading all users',
  level: 'error',
  label: 'winston custom format',
  timestamp: '29-03-2023 20:54:16'
}
{
  message: 'Error in reading all users',
  level: 'error',
  label: 'winston custom format',
  timestamp: '29-03-2023 20:54:16'
}
{
  message: 'Error in reading all users',
  level: 'error',
  label: 'winston custom format',
  timestamp: '29-03-2023 20:54:17'
}
{
  message: 'Error in reading all users',
  level: 'error',
  label: 'winston custom format',
  timestamp: '29-03-2023 20:54:17'
}
{
  message: 'Error in reading all users',
  level: 'error',
  label: 'winston custom format',
  timestamp: '29-03-2023 20:54:17'
}
{
  message: 'Error in reading all users',
  level: 'error',
  label: 'winston custom format',
  timestamp: '29-03-2023 20:54:18'
}
{
  message: 'Error in reading all users',
  level: 'error',
  label: 'winston custom format',
  timestamp: '29-03-2023 20:54:18'
}
{
  message: 'Error in reading all users',
  level: 'error',
  label: 'winston custom format',
  timestamp: '29-03-2023 20:54:18'
}
{
  message: 'Error in reading all users',
  level: 'error',
  label: 'winston custom format',
  timestamp: '29-03-2023 20:54:19'
}
{
  message: 'Error in reading all users',
  level: 'error',
  label: 'winston custom format',
  timestamp: '29-03-2023 20:54:19'
}
{
  message: 'Error in reading all users',
  level: 'error',
  label: 'winston custom format',
  timestamp: '29-03-2023 20:54:19'
}
{
  message: 'Error in reading all users',
  level: 'error',
  label: 'winston custom format',
  timestamp: '29-03-2023 20:54:19'
}
{
  message: 'Error in reading all users',
  level: 'error',
  label: 'winston custom format',
  timestamp: '29-03-2023 20:54:20'
}
{
  message: 'Error in reading all users',
  level: 'error',
  label: 'winston custom format',
  timestamp: '29-03-2023 20:54:20'
}
{
  message: 'Error in reading all users',
  level: 'error',
  label: 'winston custom format',
  timestamp: '29-03-2023 20:54:20'
}
{
  message: 'Error in reading all users',
  level: 'error',
  label: 'winston custom format',
  timestamp: '29-03-2023 20:54:21'
}
{
  message: 'Error in reading all users',
  level: 'error',
  label: 'winston custom format',
  timestamp: '29-03-2023 20:54:21'
}
{
  message: 'Error in reading all users',
  level: 'error',
  label: 'winston custom format',
  timestamp: '29-03-2023 20:54:21'
}
{
  message: 'Error in reading all users',
  level: 'error',
  label: 'winston custom format',
  timestamp: '29-03-2023 20:54:22'
}
{
  message: 'Error in reading all users',
  level: 'error',
  label: 'winston custom format',
  timestamp: '29-03-2023 20:54:22'
}
{
  message: 'Error in reading all users',
  level: 'error',
  label: 'winston custom format',
  timestamp: '29-03-2023 20:54:22'
}
{
  message: 'Error in reading all users',
  level: 'error',
  label: 'winston custom format',
  timestamp: '29-03-2023 20:54:23'
}
{
  message: 'Error in reading all users',
  level: 'error',
  label: 'winston custom format',
  timestamp: '29-03-2023 20:54:23'
}
{
  message: 'Error in reading all users',
  level: 'error',
  label: 'winston custom format',
  timestamp: '29-03-2023 20:54:23'
}
{
  message: 'Error in reading all users',
  level: 'error',
  label: 'winston custom format',
  timestamp: '29-03-2023 20:54:23'
}
{
  message: 'Error in reading all users',
  level: 'error',
  label: 'winston custom format',
  timestamp: '29-03-2023 20:54:24'
}
{
  message: 'Error in reading all users',
  level: 'error',
  label: 'winston custom format',
  timestamp: '29-03-2023 20:54:24'
}
{
  message: 'Error in reading all users',
  level: 'error',
  label: 'winston custom format',
  timestamp: '29-03-2023 20:54:24'
}
{
  message: 'Error in reading all users',
  level: 'error',
  label: 'winston custom format',
  timestamp: '29-03-2023 20:54:25'
}
{
  message: 'Error in reading all users',
  level: 'error',
  label: 'winston custom format',
  timestamp: '29-03-2023 20:54:25'
}
{
  message: 'Error in reading all users',
  level: 'error',
  label: 'winston custom format',
  timestamp: '29-03-2023 20:54:25'
}
{
  message: 'Error in reading all users',
  level: 'error',
  label: 'winston custom format',
  timestamp: '29-03-2023 20:54:26'
}
{
  message: 'Error in reading all users',
  level: 'error',
  label: 'winston custom format',
  timestamp: '29-03-2023 20:54:26'
}
{
  message: 'Error in reading all users',
  level: 'error',
  label: 'winston custom format',
  timestamp: '29-03-2023 20:54:26'
}
{
  message: 'Error in reading all users',
  level: 'error',
  label: 'winston custom format',
  timestamp: '29-03-2023 20:54:26'
}
{
  message: 'Error in reading all users',
  level: 'error',
  label: 'winston custom format',
  timestamp: '29-03-2023 20:54:27'
}
{
  message: 'Error in reading all users',
  level: 'error',
  label: 'winston custom format',
  timestamp: '29-03-2023 20:54:27'
}
{
  message: 'Error in reading all users',
  level: 'error',
  label: 'winston custom format',
  timestamp: '29-03-2023 20:54:27'
}
{
  message: 'Error in reading all users',
  level: 'error',
  label: 'winston custom format',
  timestamp: '29-03-2023 20:54:28'
}
{
  message: 'Error in reading all users',
  level: 'error',
  label: 'winston custom format',
  timestamp: '29-03-2023 20:54:28'
}
{
  message: 'Error in reading all users',
  level: 'error',
  label: 'winston custom format',
  timestamp: '29-03-2023 20:54:28'
}
{
  message: 'Error in reading all users',
  level: 'error',
  label: 'winston custom format',
  timestamp: '29-03-2023 20:54:29'
}
{
  message: 'Error in reading all users',
  level: 'error',
  label: 'winston custom format',
  timestamp: '29-03-2023 20:54:54'
}
{
  message: 'Error in reading all users',
  level: 'error',
  label: 'winston custom format',
  timestamp: '29-03-2023 20:54:54'
}
{
  message: 'Error in reading all users',
  level: 'error',
  label: 'winston custom format',
  timestamp: '29-03-2023 20:54:54'
}
{
  message: 'Error in reading all users',
  level: 'error',
  label: 'winston custom format',
  timestamp: '29-03-2023 20:54:54'
}
{
  message: 'Error in reading all users',
  level: 'error',
  label: 'winston custom format',
  timestamp: '29-03-2023 20:54:55'
}
{
  message: 'Error in reading all users',
  level: 'error',
  label: 'winston custom format',
  timestamp: '29-03-2023 20:54:55'
}
{
  message: 'Error in reading all users',
  level: 'error',
  label: 'winston custom format',
  timestamp: '29-03-2023 20:54:55'
}
{
  message: 'Error in reading all users',
  level: 'error',
  label: 'winston custom format',
  timestamp: '29-03-2023 20:54:56'
}
{
  message: 'Error in reading all users',
  level: 'error',
  label: 'winston custom format',
  timestamp: '29-03-2023 20:54:56'
}
{
  message: 'Error in reading all users',
  level: 'error',
  label: 'winston custom format',
  timestamp: '29-03-2023 20:54:56'
}
{
  message: 'Error in reading all users',
  level: 'error',
  label: 'winston custom format',
  timestamp: '29-03-2023 20:54:57'
}
{
  message: 'Error in reading all users',
  level: 'error',
  label: 'winston custom format',
  timestamp: '29-03-2023 20:54:57'
}
{
  message: 'Error in reading all users',
  level: 'error',
  label: 'winston custom format',
  timestamp: '29-03-2023 20:54:57'
}
{
  message: 'Error in reading all users',
  level: 'error',
  label: 'winston custom format',
  timestamp: '29-03-2023 20:54:57'
}
{
  message: 'Error in reading all users',
  level: 'error',
  label: 'winston custom format',
  timestamp: '29-03-2023 20:54:58'
}
{
  message: 'Error in reading all users',
  level: 'error',
  label: 'winston custom format',
  timestamp: '29-03-2023 20:54:58'
}
{
  message: 'Error in reading all users',
  level: 'error',
  label: 'winston custom format',
  timestamp: '29-03-2023 20:54:58'
}
{
  message: 'Error in reading all users',
  level: 'error',
  label: 'winston custom format',
  timestamp: '29-03-2023 20:54:59'
}
{
  message: 'Error in reading all users',
  level: 'error',
  label: 'winston custom format',
  timestamp: '29-03-2023 20:54:59'
}
{
  message: 'Error in reading all users',
  level: 'error',
  label: 'winston custom format',
  timestamp: '29-03-2023 20:54:59'
}
{
  message: 'Error in reading all users',
  level: 'error',
  label: 'winston custom format',
  timestamp: '29-03-2023 20:55:00'
}
{
  message: 'Error in reading all users',
  level: 'error',
  label: 'winston custom format',
  timestamp: '29-03-2023 20:55:00'
}
{
  message: 'Error in reading all users',
  level: 'error',
  label: 'winston custom format',
  timestamp: '29-03-2023 20:55:00'
}
{
  message: 'Error in reading all users',
  level: 'error',
  label: 'winston custom format',
  timestamp: '29-03-2023 20:55:00'
}
{
  message: 'Error in reading all users',
  level: 'error',
  label: 'winston custom format',
  timestamp: '29-03-2023 20:55:01'
}
{
  message: 'Error in reading all users',
  level: 'error',
  label: 'winston custom format',
  timestamp: '29-03-2023 20:55:01'
}
{
  message: 'Error in reading all users',
  level: 'error',
  label: 'winston custom format',
  timestamp: '29-03-2023 20:55:01'
}
{
  message: 'Error in reading all users',
  level: 'error',
  label: 'winston custom format',
  timestamp: '29-03-2023 20:55:02'
}
{
  message: 'Error in reading all users',
  level: 'error',
  label: 'winston custom format',
  timestamp: '29-03-2023 20:55:02'
}
{
  message: 'Error in reading all users',
  level: 'error',
  label: 'winston custom format',
  timestamp: '29-03-2023 20:55:02'
}
{
  message: 'Error in reading all users',
  level: 'error',
  label: 'winston custom format',
  timestamp: '29-03-2023 20:55:03'
}
{
  message: 'Error in reading all users',
  level: 'error',
  label: 'winston custom format',
  timestamp: '29-03-2023 20:55:03'
}
{
  message: 'Error in reading all users',
  level: 'error',
  label: 'winston custom format',
  timestamp: '29-03-2023 20:55:03'
}
{
  message: 'Error in reading all users',
  level: 'error',
  label: 'winston custom format',
  timestamp: '29-03-2023 20:55:04'
}
{
  message: 'Error in reading all users',
  level: 'error',
  label: 'winston custom format',
  timestamp: '29-03-2023 20:55:04'
}
{
  message: 'Error in reading all users',
  level: 'error',
  label: 'winston custom format',
  timestamp: '29-03-2023 20:55:04'
}
{
  message: 'Error in reading all users',
  level: 'error',
  label: 'winston custom format',
  timestamp: '29-03-2023 20:55:04'
}
{
  message: 'Error in reading all users',
  level: 'error',
  label: 'winston custom format',
  timestamp: '29-03-2023 20:55:05'
}
{
  message: 'Error in reading all users',
  level: 'error',
  label: 'winston custom format',
  timestamp: '29-03-2023 20:55:05'
}
{
  message: 'Error in reading all users',
  level: 'error',
  label: 'winston custom format',
  timestamp: '29-03-2023 20:55:05'
}
{
  message: 'Error in reading all users',
  level: 'error',
  label: 'winston custom format',
  timestamp: '29-03-2023 20:55:06'
}
{
  message: 'Error in reading all users',
  level: 'error',
  label: 'winston custom format',
  timestamp: '29-03-2023 20:55:06'
}
{
  message: 'Error in reading all users',
  level: 'error',
  label: 'winston custom format',
  timestamp: '29-03-2023 20:55:06'
}
{
  message: 'Error in reading all users',
  level: 'error',
  label: 'winston custom format',
  timestamp: '29-03-2023 20:55:07'
}
{
  message: 'Error in reading all users',
  level: 'error',
  label: 'winston custom format',
  timestamp: '29-03-2023 20:55:07'
}
{
  message: 'Error in reading all users',
  level: 'error',
  label: 'winston custom format',
  timestamp: '29-03-2023 20:55:07'
}
{
  message: 'Error in reading all users',
  level: 'error',
  label: 'winston custom format',
  timestamp: '29-03-2023 20:55:07'
}
{
  message: 'Error in reading all users',
  level: 'error',
  label: 'winston custom format',
  timestamp: '29-03-2023 20:55:08'
}
{
  message: 'Error in reading all users',
  level: 'error',
  label: 'winston custom format',
  timestamp: '29-03-2023 20:55:08'
}
{
  message: 'Error in reading all users',
  level: 'error',
  label: 'winston custom format',
  timestamp: '29-03-2023 20:55:08'
}
{
  message: 'Error in reading all users',
  level: 'error',
  label: 'winston custom format',
  timestamp: '29-03-2023 20:55:09'
}
{
  message: 'Error in reading all users',
  level: 'error',
  label: 'winston custom format',
  timestamp: '29-03-2023 20:55:09'
}
{
  message: 'Error in reading all users',
  level: 'error',
  label: 'winston custom format',
  timestamp: '29-03-2023 20:55:09'
}
{
  message: 'Error in reading all users',
  level: 'error',
  label: 'winston custom format',
  timestamp: '29-03-2023 20:55:10'
}
{
  message: 'Error in reading all users',
  level: 'error',
  label: 'winston custom format',
  timestamp: '29-03-2023 20:55:10'
}
{
  message: 'Error in reading all users',
  level: 'error',
  label: 'winston custom format',
  timestamp: '29-03-2023 20:55:10'
}
{
  message: 'Error in reading all users',
  level: 'error',
  label: 'winston custom format',
  timestamp: '29-03-2023 20:55:10'
}
{
  message: 'Error in reading all users',
  level: 'error',
  label: 'winston custom format',
  timestamp: '29-03-2023 20:55:11'
}
{
  message: 'Error in reading all users',
  level: 'error',
  label: 'winston custom format',
  timestamp: '29-03-2023 20:55:11'
}
{
  message: 'Error in reading all users',
  level: 'error',
  label: 'winston custom format',
  timestamp: '29-03-2023 20:55:11'
}
{
  message: 'Error in reading all users',
  level: 'error',
  label: 'winston custom format',
  timestamp: '29-03-2023 20:55:12'
}
{
  message: 'Error in reading all users',
  level: 'error',
  label: 'winston custom format',
  timestamp: '29-03-2023 20:55:12'
}
{
  message: 'Error in reading all users',
  level: 'error',
  label: 'winston custom format',
  timestamp: '29-03-2023 20:55:12'
}
{
  message: 'Error in reading all users',
  level: 'error',
  label: 'winston custom format',
  timestamp: '29-03-2023 20:55:13'
}
{
  message: 'Error in reading all users',
  level: 'error',
  label: 'winston custom format',
  timestamp: '29-03-2023 20:55:13'
}
{
  message: 'Error in reading all users',
  level: 'error',
  label: 'winston custom format',
  timestamp: '29-03-2023 20:55:13'
}
{
  message: 'Error in reading all users',
  level: 'error',
  label: 'winston custom format',
  timestamp: '29-03-2023 20:55:14'
}
{
  message: 'Error in reading all users',
  level: 'error',
  label: 'winston custom format',
  timestamp: '29-03-2023 20:55:14'
}
{
  message: 'Error in reading all users',
  level: 'error',
  label: 'winston custom format',
  timestamp: '29-03-2023 20:55:14'
}
{
  message: 'Error in reading all users',
  level: 'error',
  label: 'winston custom format',
  timestamp: '29-03-2023 20:55:14'
}
{
  message: 'Error in reading all users',
  level: 'error',
  label: 'winston custom format',
  timestamp: '29-03-2023 20:55:15'
}
{
  message: 'Error in reading all users',
  level: 'error',
  label: 'winston custom format',
  timestamp: '29-03-2023 20:55:15'
}
{
  message: 'Error in reading all users',
  level: 'error',
  label: 'winston custom format',
  timestamp: '29-03-2023 20:55:15'
}
{
  message: 'Error in reading all users',
  level: 'error',
  label: 'winston custom format',
  timestamp: '29-03-2023 20:55:16'
}
{
  message: 'Error in reading all users',
  level: 'error',
  label: 'winston custom format',
  timestamp: '29-03-2023 20:55:16'
}
{
  message: 'Error in reading all users',
  level: 'error',
  label: 'winston custom format',
  timestamp: '29-03-2023 20:55:16'
}
{
  message: 'Error in reading all users',
  level: 'error',
  label: 'winston custom format',
  timestamp: '29-03-2023 20:55:17'
}
{
  message: 'Error in reading all users',
  level: 'error',
  label: 'winston custom format',
  timestamp: '29-03-2023 20:55:17'
}
{
  message: 'Error in reading all users',
  level: 'error',
  label: 'winston custom format',
  timestamp: '29-03-2023 20:55:18'
}
{
  message: 'Error in reading all users',
  level: 'error',
  label: 'winston custom format',
  timestamp: '29-03-2023 20:55:18'
}
{
  message: 'Error in reading all users',
  level: 'error',
  label: 'winston custom format',
  timestamp: '29-03-2023 20:55:18'
}
{
  message: 'Error in reading all users',
  level: 'error',
  label: 'winston custom format',
  timestamp: '29-03-2023 20:55:18'
}
{
  message: 'Error in reading all users',
  level: 'error',
  label: 'winston custom format',
  timestamp: '29-03-2023 20:55:19'
}
{
  message: 'Error in reading all users',
  level: 'error',
  label: 'winston custom format',
  timestamp: '29-03-2023 20:55:19'
}
{
  message: 'Error in reading all users',
  level: 'error',
  label: 'winston custom format',
  timestamp: '29-03-2023 20:55:19'
}
{
  message: 'Error in reading all users',
  level: 'error',
  label: 'winston custom format',
  timestamp: '29-03-2023 20:55:20'
}
{
  message: 'Error in reading all users',
  level: 'error',
  label: 'winston custom format',
  timestamp: '29-03-2023 20:55:20'
}
{
  message: 'Error in reading all users',
  level: 'error',
  label: 'winston custom format',
  timestamp: '29-03-2023 20:55:20'
}
{
  message: 'Error in reading all users',
  level: 'error',
  label: 'winston custom format',
  timestamp: '29-03-2023 20:55:20'
}
{
  message: 'Error in reading all users',
  level: 'error',
  label: 'winston custom format',
  timestamp: '29-03-2023 20:55:21'
}
{
  message: 'Error in reading all users',
  level: 'error',
  label: 'winston custom format',
  timestamp: '29-03-2023 20:55:21'
}
{
  message: 'Error in reading all users',
  level: 'error',
  label: 'winston custom format',
  timestamp: '29-03-2023 20:55:21'
}
{
  message: 'Error in reading all users',
  level: 'error',
  label: 'winston custom format',
  timestamp: '29-03-2023 20:55:22'
}
{
  message: 'Error in reading all users',
  level: 'error',
  label: 'winston custom format',
  timestamp: '29-03-2023 20:55:22'
}
{
  message: 'Error in reading all users',
  level: 'error',
  label: 'winston custom format',
  timestamp: '29-03-2023 20:55:22'
}
{
  message: 'Error in reading all users',
  level: 'error',
  label: 'winston custom format',
  timestamp: '29-03-2023 20:55:23'
}
{
  message: 'Error in reading all users',
  level: 'error',
  label: 'winston custom format',
  timestamp: '29-03-2023 20:55:23'
}
{
  message: 'Error in reading all users',
  level: 'error',
  label: 'winston custom format',
  timestamp: '29-03-2023 20:55:23'
}
{
  message: 'Error in reading all users',
  level: 'error',
  label: 'winston custom format',
  timestamp: '29-03-2023 20:55:24'
}
{
  message: 'Error in reading all users',
  level: 'error',
  label: 'winston custom format',
  timestamp: '29-03-2023 20:55:24'
}
{
  message: 'Error in reading all users',
  level: 'error',
  label: 'winston custom format',
  timestamp: '29-03-2023 20:55:24'
}
{
  message: 'Error in reading all users',
  level: 'error',
  label: 'winston custom format',
  timestamp: '29-03-2023 20:55:25'
}
{
  message: 'Error in reading all users',
  level: 'error',
  label: 'winston custom format',
  timestamp: '29-03-2023 20:55:25'
}
{
  message: 'Error in reading all users',
  level: 'error',
  label: 'winston custom format',
  timestamp: '29-03-2023 20:55:25'
}
{
  message: 'Error in reading all users',
  level: 'error',
  label: 'winston custom format',
  timestamp: '29-03-2023 20:55:25'
}
{
  message: 'Error in reading all users',
  level: 'error',
  label: 'winston custom format',
  timestamp: '29-03-2023 20:55:26'
}
{
  message: 'Error in reading all users',
  level: 'error',
  label: 'winston custom format',
  timestamp: '29-03-2023 20:55:26'
}
{
  message: 'Error in reading all users',
  level: 'error',
  label: 'winston custom format',
  timestamp: '29-03-2023 20:55:26'
}
{
  message: 'Error in reading all users',
  level: 'error',
  label: 'winston custom format',
  timestamp: '29-03-2023 20:55:27'
}
{
  message: 'Error in reading all users',
  level: 'error',
  label: 'winston custom format',
  timestamp: '29-03-2023 20:55:27'
}
{
  message: 'Error in reading all users',
  level: 'error',
  label: 'winston custom format',
  timestamp: '29-03-2023 20:55:27'
}
{
  message: 'Error in reading all users',
  level: 'error',
  label: 'winston custom format',
  timestamp: '29-03-2023 20:55:27'
}
{
  message: 'Error in reading all users',
  level: 'error',
  label: 'winston custom format',
  timestamp: '29-03-2023 20:55:28'
}
{
  message: 'Error in reading all users',
  level: 'error',
  label: 'winston custom format',
  timestamp: '29-03-2023 20:55:28'
}
{
  message: 'Error in reading all users',
  level: 'error',
  label: 'winston custom format',
  timestamp: '29-03-2023 20:55:28'
}
{
  message: 'Error in reading all users',
  level: 'error',
  label: 'winston custom format',
  timestamp: '29-03-2023 20:55:29'
}
{
  message: 'Error in reading all users',
  level: 'error',
  label: 'winston custom format',
  timestamp: '29-03-2023 20:55:29'
}
{
  message: 'Error in reading all users',
  level: 'error',
  label: 'winston custom format',
  timestamp: '29-03-2023 20:55:48'
}
